<?xml version="1.0" encoding="UTF-8"?>
<!-- Generated by org.testng.reporters.JUnitReportReporter -->
<testsuite hostname="Madinas-Air" name="com.sqa.ms.adactin.TC105" tests="1" failures="0" timestamp="3 May 2016 04:26:42 GMT" time="1.514" errors="0">
  <testcase name="testLogin" time="1.514" classname="com.sqa.ms.adactin.TC105"/>
</testsuite> <!-- com.sqa.ms.adactin.TC105 -->
