<?xml version="1.0" encoding="UTF-8"?>
<!-- Generated by org.testng.reporters.JUnitReportReporter -->
<testsuite hostname="Madinas-Air" name="com.sqa.ms.adactin" tests="3" failures="0" timestamp="30 Apr 2016 20:56:20 GMT" time="6.009" errors="0">
  <testcase name="tc102" time="0.393" classname="com.sqa.ms.adactin"/>
  <testcase name="testLogin" time="3.406" classname="com.sqa.ms.adactin"/>
  <testcase name="testLoginToBase2" time="2.210" classname="com.sqa.ms.adactin"/>
</testsuite> <!-- com.sqa.ms.adactin -->
