<?xml version="1.0" encoding="UTF-8"?>
<!-- Generated by org.testng.reporters.JUnitReportReporter -->
<testsuite hostname="Madinas-Air" name="com.sqa.ms.adactin.adactin" tests="3" failures="0" timestamp="3 May 2016 02:53:06 GMT" time="7.019" errors="0">
  <testcase name="testLoginToBase2" time="2.566" classname="com.sqa.ms.adactin.adactin"/>
  <testcase name="testLogin" time="3.184" classname="com.sqa.ms.adactin.adactin"/>
  <testcase name="tc102" time="1.269" classname="com.sqa.ms.adactin.adactin"/>
</testsuite> <!-- com.sqa.ms.adactin.adactin -->
