<?xml version="1.0" encoding="UTF-8"?>
<!-- Generated by org.testng.reporters.JUnitReportReporter -->
<testsuite hostname="Madinas-Air" name="com.sqa.ms.adactin.TC102" tests="3" failures="0" timestamp="5 May 2016 05:22:17 GMT" time="8.878" errors="0">
  <testcase name="testCheckInOut" time="2.831" classname="com.sqa.ms.adactin.TC102"/>
  <testcase name="testCheckInOut" time="2.098" classname="com.sqa.ms.adactin.TC102"/>
  <testcase name="testCheckInOut" time="3.949" classname="com.sqa.ms.adactin.TC102"/>
</testsuite> <!-- com.sqa.ms.adactin.TC102 -->
