<?xml version="1.0" encoding="UTF-8"?>
<!-- Generated by org.testng.reporters.JUnitReportReporter -->
<testsuite hostname="Madinas-Air" name="com.sqa.ms.BasicAutoTest" tests="3" failures="0" timestamp="1 May 2016 00:41:31 GMT" time="1.357" errors="0">
  <testcase name="test" time="0.420" classname="com.sqa.ms.BasicAutoTest"/>
  <testcase name="test" time="0.413" classname="com.sqa.ms.BasicAutoTest"/>
  <testcase name="test" time="0.524" classname="com.sqa.ms.BasicAutoTest"/>
</testsuite> <!-- com.sqa.ms.BasicAutoTest -->
