<?xml version="1.0" encoding="UTF-8"?>
<!-- Generated by org.testng.reporters.JUnitReportReporter -->
<testsuite hostname="Madinas-Air" name="com.sqa.ms.util.helpers.BasicAutomationTest" tests="3" failures="0" timestamp="29 Apr 2016 03:10:09 GMT" time="4.777" errors="0">
  <testcase name="setUpTest" time="4.765" classname="com.sqa.ms.util.helpers.BasicAutomationTest"/>
  <testcase name="f" time="0.006" classname="com.sqa.ms.util.helpers.BasicAutomationTest"/>
  <testcase name="f" time="0.006" classname="com.sqa.ms.util.helpers.BasicAutomationTest"/>
</testsuite> <!-- com.sqa.ms.util.helpers.BasicAutomationTest -->
